{"C:\\Users\\Вікторія\\Desktop\\opi\\Practic-1\\Laba3\\main\\resource.js": {"path":"C:\\Users\\Вікторія\\Desktop\\opi\\Practic-1\\Laba3\\main\\resource.js","statementMap":{"0":{"start":{"line":4,"column":8},"end":{"line":6,"column":9}},"1":{"start":{"line":5,"column":12},"end":{"line":5,"column":53}},"2":{"start":{"line":8,"column":8},"end":{"line":10,"column":9}},"3":{"start":{"line":9,"column":12},"end":{"line":9,"column":68}},"4":{"start":{"line":12,"column":8},"end":{"line":12,"column":25}},"5":{"start":{"line":13,"column":8},"end":{"line":13,"column":29}},"6":{"start":{"line":18,"column":8},"end":{"line":20,"column":9}},"7":{"start":{"line":19,"column":12},"end":{"line":19,"column":63}},"8":{"start":{"line":22,"column":8},"end":{"line":22,"column":29}},"9":{"start":{"line":23,"column":8},"end":{"line":23,"column":74}},"10":{"start":{"line":28,"column":8},"end":{"line":30,"column":9}},"11":{"start":{"line":29,"column":12},"end":{"line":29,"column":63}},"12":{"start":{"line":32,"column":8},"end":{"line":35,"column":9}},"13":{"start":{"line":33,"column":12},"end":{"line":33,"column":51}},"14":{"start":{"line":34,"column":12},"end":{"line":34,"column":25}},"15":{"start":{"line":37,"column":8},"end":{"line":37,"column":29}},"16":{"start":{"line":38,"column":8},"end":{"line":38,"column":73}},"17":{"start":{"line":39,"column":8},"end":{"line":39,"column":20}},"18":{"start":{"line":44,"column":8},"end":{"line":46,"column":9}},"19":{"start":{"line":45,"column":12},"end":{"line":45,"column":64}},"20":{"start":{"line":48,"column":8},"end":{"line":59,"column":9}},"21":{"start":{"line":49,"column":25},"end":{"line":49,"column":26}},"22":{"start":{"line":50,"column":25},"end":{"line":50,"column":36}},"23":{"start":{"line":52,"column":12},"end":{"line":54,"column":13}},"24":{"start":{"line":52,"column":25},"end":{"line":52,"column":26}},"25":{"start":{"line":53,"column":16},"end":{"line":53,"column":31}},"26":{"start":{"line":56,"column":12},"end":{"line":56,"column":33}},"27":{"start":{"line":58,"column":12},"end":{"line":58,"column":34}},"28":{"start":{"line":61,"column":8},"end":{"line":61,"column":75}},"29":{"start":{"line":65,"column":0},"end":{"line":65,"column":26}}},"fnMap":{"0":{"name":"(anonymous_0)","decl":{"start":{"line":3,"column":4},"end":{"line":3,"column":5}},"loc":{"start":{"line":3,"column":34},"end":{"line":14,"column":5}},"line":3},"1":{"name":"(anonymous_1)","decl":{"start":{"line":17,"column":4},"end":{"line":17,"column":5}},"loc":{"start":{"line":17,"column":15},"end":{"line":24,"column":5}},"line":17},"2":{"name":"(anonymous_2)","decl":{"start":{"line":27,"column":4},"end":{"line":27,"column":5}},"loc":{"start":{"line":27,"column":17},"end":{"line":40,"column":5}},"line":27},"3":{"name":"(anonymous_3)","decl":{"start":{"line":43,"column":4},"end":{"line":43,"column":5}},"loc":{"start":{"line":43,"column":21},"end":{"line":62,"column":5}},"line":43}},"branchMap":{"0":{"loc":{"start":{"line":3,"column":22},"end":{"line":3,"column":32}},"type":"default-arg","locations":[{"start":{"line":3,"column":31},"end":{"line":3,"column":32}}],"line":3},"1":{"loc":{"start":{"line":4,"column":8},"end":{"line":6,"column":9}},"type":"if","locations":[{"start":{"line":4,"column":8},"end":{"line":6,"column":9}},{"start":{},"end":{}}],"line":4},"2":{"loc":{"start":{"line":4,"column":12},"end":{"line":4,"column":58}},"type":"binary-expr","locations":[{"start":{"line":4,"column":12},"end":{"line":4,"column":36}},{"start":{"line":4,"column":40},"end":{"line":4,"column":58}}],"line":4},"3":{"loc":{"start":{"line":8,"column":8},"end":{"line":10,"column":9}},"type":"if","locations":[{"start":{"line":8,"column":8},"end":{"line":10,"column":9}},{"start":{},"end":{}}],"line":8},"4":{"loc":{"start":{"line":8,"column":12},"end":{"line":8,"column":52}},"type":"binary-expr","locations":[{"start":{"line":8,"column":12},"end":{"line":8,"column":38}},{"start":{"line":8,"column":42},"end":{"line":8,"column":52}}],"line":8},"5":{"loc":{"start":{"line":18,"column":8},"end":{"line":20,"column":9}},"type":"if","locations":[{"start":{"line":18,"column":8},"end":{"line":20,"column":9}},{"start":{},"end":{}}],"line":18},"6":{"loc":{"start":{"line":18,"column":12},"end":{"line":18,"column":51}},"type":"binary-expr","locations":[{"start":{"line":18,"column":12},"end":{"line":18,"column":37}},{"start":{"line":18,"column":41},"end":{"line":18,"column":51}}],"line":18},"7":{"loc":{"start":{"line":28,"column":8},"end":{"line":30,"column":9}},"type":"if","locations":[{"start":{"line":28,"column":8},"end":{"line":30,"column":9}},{"start":{},"end":{}}],"line":28},"8":{"loc":{"start":{"line":28,"column":12},"end":{"line":28,"column":51}},"type":"binary-expr","locations":[{"start":{"line":28,"column":12},"end":{"line":28,"column":37}},{"start":{"line":28,"column":41},"end":{"line":28,"column":51}}],"line":28},"9":{"loc":{"start":{"line":32,"column":8},"end":{"line":35,"column":9}},"type":"if","locations":[{"start":{"line":32,"column":8},"end":{"line":35,"column":9}},{"start":{},"end":{}}],"line":32},"10":{"loc":{"start":{"line":44,"column":8},"end":{"line":46,"column":9}},"type":"if","locations":[{"start":{"line":44,"column":8},"end":{"line":46,"column":9}},{"start":{},"end":{}}],"line":44},"11":{"loc":{"start":{"line":44,"column":12},"end":{"line":44,"column":53}},"type":"binary-expr","locations":[{"start":{"line":44,"column":12},"end":{"line":44,"column":38}},{"start":{"line":44,"column":42},"end":{"line":44,"column":53}}],"line":44},"12":{"loc":{"start":{"line":48,"column":8},"end":{"line":59,"column":9}},"type":"if","locations":[{"start":{"line":48,"column":8},"end":{"line":59,"column":9}},{"start":{"line":57,"column":15},"end":{"line":59,"column":9}}],"line":48}},"s":{"0":12,"1":1,"2":11,"3":1,"4":10,"5":10,"6":3,"7":2,"8":1,"9":1,"10":3,"11":1,"12":2,"13":1,"14":1,"15":1,"16":1,"17":1,"18":3,"19":1,"20":2,"21":1,"22":1,"23":1,"24":1,"25":3,"26":1,"27":1,"28":2,"29":1},"f":{"0":12,"1":3,"2":3,"3":3},"b":{"0":[0],"1":[1,11],"2":[12,12],"3":[1,10],"4":[11,11],"5":[2,1],"6":[3,2],"7":[1,2],"8":[3,3],"9":[1,1],"10":[1,2],"11":[3,3],"12":[1,1]},"_coverageSchema":"1a1c01bbd47fc00a2c39e90264f33305004495a9","hash":"20adb3b48a7d6aa902fae373309862b682b9db28"}
}
