TN:
SF:main\resource.js
FN:3,(anonymous_0)
FN:17,(anonymous_1)
FN:27,(anonymous_2)
FN:43,(anonymous_3)
FNF:4
FNH:4
FNDA:12,(anonymous_0)
FNDA:3,(anonymous_1)
FNDA:3,(anonymous_2)
FNDA:3,(anonymous_3)
DA:4,12
DA:5,1
DA:8,11
DA:9,1
DA:12,10
DA:13,10
DA:18,3
DA:19,2
DA:22,1
DA:23,1
DA:28,3
DA:29,1
DA:32,2
DA:33,1
DA:34,1
DA:37,1
DA:38,1
DA:39,1
DA:44,3
DA:45,1
DA:48,2
DA:49,1
DA:50,1
DA:52,1
DA:53,3
DA:56,1
DA:58,1
DA:61,2
DA:65,1
LF:29
LH:29
BRDA:3,0,0,0
BRDA:4,1,0,1
BRDA:4,1,1,11
BRDA:4,2,0,12
BRDA:4,2,1,12
BRDA:8,3,0,1
BRDA:8,3,1,10
BRDA:8,4,0,11
BRDA:8,4,1,11
BRDA:18,5,0,2
BRDA:18,5,1,1
BRDA:18,6,0,3
BRDA:18,6,1,2
BRDA:28,7,0,1
BRDA:28,7,1,2
BRDA:28,8,0,3
BRDA:28,8,1,3
BRDA:32,9,0,1
BRDA:32,9,1,1
BRDA:44,10,0,1
BRDA:44,10,1,2
BRDA:44,11,0,3
BRDA:44,11,1,3
BRDA:48,12,0,1
BRDA:48,12,1,1
BRF:25
BRH:24
end_of_record
