{"C:\\Users\\Vlad\\Desktop\\Practic-1\\Lab_3\\character.js": {"path":"C:\\Users\\Vlad\\Desktop\\Practic-1\\Lab_3\\character.js","statementMap":{"0":{"start":{"line":7,"column":8},"end":{"line":7,"column":61}},"1":{"start":{"line":7,"column":23},"end":{"line":7,"column":61}},"2":{"start":{"line":10,"column":8},"end":{"line":10,"column":80}},"3":{"start":{"line":10,"column":40},"end":{"line":10,"column":80}},"4":{"start":{"line":13,"column":8},"end":{"line":13,"column":80}},"5":{"start":{"line":13,"column":40},"end":{"line":13,"column":80}},"6":{"start":{"line":16,"column":8},"end":{"line":16,"column":71}},"7":{"start":{"line":16,"column":28},"end":{"line":16,"column":71}},"8":{"start":{"line":19,"column":8},"end":{"line":19,"column":27}},"9":{"start":{"line":20,"column":8},"end":{"line":20,"column":29}},"10":{"start":{"line":21,"column":8},"end":{"line":21,"column":29}},"11":{"start":{"line":22,"column":8},"end":{"line":22,"column":37}},"12":{"start":{"line":29,"column":8},"end":{"line":31,"column":9}},"13":{"start":{"line":30,"column":12},"end":{"line":30,"column":44}},"14":{"start":{"line":34,"column":8},"end":{"line":34,"column":126}},"15":{"start":{"line":41,"column":8},"end":{"line":43,"column":9}},"16":{"start":{"line":42,"column":12},"end":{"line":42,"column":53}},"17":{"start":{"line":46,"column":8},"end":{"line":46,"column":24}},"18":{"start":{"line":49,"column":8},"end":{"line":49,"column":31}},"19":{"start":{"line":52,"column":8},"end":{"line":52,"column":26}},"20":{"start":{"line":55,"column":8},"end":{"line":55,"column":26}},"21":{"start":{"line":62,"column":8},"end":{"line":62,"column":63}},"22":{"start":{"line":62,"column":24},"end":{"line":62,"column":63}},"23":{"start":{"line":65,"column":8},"end":{"line":65,"column":30}},"24":{"start":{"line":68,"column":8},"end":{"line":70,"column":9}},"25":{"start":{"line":69,"column":12},"end":{"line":69,"column":28}},"26":{"start":{"line":75,"column":0},"end":{"line":75,"column":27}}},"fnMap":{"0":{"name":"(anonymous_0)","decl":{"start":{"line":4,"column":4},"end":{"line":4,"column":5}},"loc":{"start":{"line":4,"column":71},"end":{"line":23,"column":5}},"line":4},"1":{"name":"(anonymous_1)","decl":{"start":{"line":26,"column":4},"end":{"line":26,"column":5}},"loc":{"start":{"line":26,"column":26},"end":{"line":35,"column":5}},"line":26},"2":{"name":"(anonymous_2)","decl":{"start":{"line":38,"column":4},"end":{"line":38,"column":5}},"loc":{"start":{"line":38,"column":14},"end":{"line":56,"column":5}},"line":38},"3":{"name":"(anonymous_3)","decl":{"start":{"line":59,"column":4},"end":{"line":59,"column":5}},"loc":{"start":{"line":59,"column":23},"end":{"line":71,"column":5}},"line":59}},"branchMap":{"0":{"loc":{"start":{"line":4,"column":16},"end":{"line":4,"column":25}},"type":"default-arg","locations":[{"start":{"line":4,"column":24},"end":{"line":4,"column":25}}],"line":4},"1":{"loc":{"start":{"line":4,"column":27},"end":{"line":4,"column":39}},"type":"default-arg","locations":[{"start":{"line":4,"column":36},"end":{"line":4,"column":39}}],"line":4},"2":{"loc":{"start":{"line":4,"column":41},"end":{"line":4,"column":53}},"type":"default-arg","locations":[{"start":{"line":4,"column":50},"end":{"line":4,"column":53}}],"line":4},"3":{"loc":{"start":{"line":4,"column":55},"end":{"line":4,"column":69}},"type":"default-arg","locations":[{"start":{"line":4,"column":68},"end":{"line":4,"column":69}}],"line":4},"4":{"loc":{"start":{"line":7,"column":8},"end":{"line":7,"column":61}},"type":"if","locations":[{"start":{"line":7,"column":8},"end":{"line":7,"column":61}},{"start":{},"end":{}}],"line":7},"5":{"loc":{"start":{"line":10,"column":8},"end":{"line":10,"column":80}},"type":"if","locations":[{"start":{"line":10,"column":8},"end":{"line":10,"column":80}},{"start":{},"end":{}}],"line":10},"6":{"loc":{"start":{"line":10,"column":12},"end":{"line":10,"column":38}},"type":"binary-expr","locations":[{"start":{"line":10,"column":12},"end":{"line":10,"column":22}},{"start":{"line":10,"column":26},"end":{"line":10,"column":38}}],"line":10},"7":{"loc":{"start":{"line":13,"column":8},"end":{"line":13,"column":80}},"type":"if","locations":[{"start":{"line":13,"column":8},"end":{"line":13,"column":80}},{"start":{},"end":{}}],"line":13},"8":{"loc":{"start":{"line":13,"column":12},"end":{"line":13,"column":38}},"type":"binary-expr","locations":[{"start":{"line":13,"column":12},"end":{"line":13,"column":22}},{"start":{"line":13,"column":26},"end":{"line":13,"column":38}}],"line":13},"9":{"loc":{"start":{"line":16,"column":8},"end":{"line":16,"column":71}},"type":"if","locations":[{"start":{"line":16,"column":8},"end":{"line":16,"column":71}},{"start":{},"end":{}}],"line":16},"10":{"loc":{"start":{"line":29,"column":8},"end":{"line":31,"column":9}},"type":"if","locations":[{"start":{"line":29,"column":8},"end":{"line":31,"column":9}},{"start":{},"end":{}}],"line":29},"11":{"loc":{"start":{"line":29,"column":12},"end":{"line":29,"column":57}},"type":"binary-expr","locations":[{"start":{"line":29,"column":12},"end":{"line":29,"column":36}},{"start":{"line":29,"column":40},"end":{"line":29,"column":57}}],"line":29},"12":{"loc":{"start":{"line":41,"column":8},"end":{"line":43,"column":9}},"type":"if","locations":[{"start":{"line":41,"column":8},"end":{"line":43,"column":9}},{"start":{},"end":{}}],"line":41},"13":{"loc":{"start":{"line":62,"column":8},"end":{"line":62,"column":63}},"type":"if","locations":[{"start":{"line":62,"column":8},"end":{"line":62,"column":63}},{"start":{},"end":{}}],"line":62},"14":{"loc":{"start":{"line":68,"column":8},"end":{"line":70,"column":9}},"type":"if","locations":[{"start":{"line":68,"column":8},"end":{"line":70,"column":9}},{"start":{},"end":{}}],"line":68}},"s":{"0":10,"1":1,"2":9,"3":1,"4":8,"5":0,"6":8,"7":0,"8":8,"9":8,"10":8,"11":8,"12":2,"13":1,"14":1,"15":2,"16":1,"17":1,"18":1,"19":1,"20":1,"21":3,"22":1,"23":2,"24":2,"25":1,"26":1},"f":{"0":10,"1":2,"2":2,"3":3},"b":{"0":[5],"1":[5],"2":[5],"3":[5],"4":[1,9],"5":[1,8],"6":[9,9],"7":[0,8],"8":[8,8],"9":[0,8],"10":[1,1],"11":[2,2],"12":[1,1],"13":[1,2],"14":[1,1]},"_coverageSchema":"1a1c01bbd47fc00a2c39e90264f33305004495a9","hash":"fc3568c7a67f9eb09142280a5b835abf9a1104d0"}
}
