TN:
SF:main/Game.js
FN:5,(anonymous_0)
FN:13,(anonymous_1)
FN:23,(anonymous_2)
FN:44,(anonymous_3)
FNF:4
FNH:4
FNDA:10,(anonymous_0)
FNDA:9,(anonymous_1)
FNDA:7,(anonymous_2)
FNDA:2,(anonymous_3)
DA:6,10
DA:7,10
DA:8,10
DA:9,10
DA:14,9
DA:15,1
DA:17,8
DA:18,8
DA:19,8
DA:24,7
DA:25,1
DA:27,6
DA:28,1
DA:30,5
DA:31,1
DA:34,4
DA:35,1
DA:36,1
DA:39,3
DA:40,3
DA:45,2
DA:46,1
DA:48,1
DA:49,1
DA:50,1
DA:51,1
DA:55,1
LF:27
LH:27
BRDA:14,0,0,1
BRDA:14,0,1,8
BRDA:24,1,0,1
BRDA:24,1,1,6
BRDA:27,2,0,1
BRDA:27,2,1,5
BRDA:27,3,0,6
BRDA:27,3,1,5
BRDA:30,4,0,1
BRDA:30,4,1,4
BRDA:34,5,0,1
BRDA:34,5,1,3
BRDA:45,6,0,1
BRDA:45,6,1,1
BRF:14
BRH:14
end_of_record
