TN:
SF:main\workout.js
FN:2,(anonymous_0)
FN:26,(anonymous_1)
FN:31,(anonymous_2)
FN:40,(anonymous_3)
FN:45,(anonymous_4)
FNF:5
FNH:4
FNDA:13,(anonymous_0)
FNDA:0,(anonymous_1)
FNDA:4,(anonymous_2)
FNDA:3,(anonymous_3)
FNDA:2,(anonymous_4)
DA:3,13
DA:4,2
DA:7,11
DA:8,1
DA:11,10
DA:12,1
DA:15,9
DA:16,1
DA:19,8
DA:20,8
DA:21,8
DA:22,8
DA:27,0
DA:32,4
DA:33,0
DA:36,4
DA:41,3
DA:46,2
DA:47,2
DA:49,2
DA:50,4
DA:53,2
DA:57,1
LF:23
LH:21
BRDA:3,0,0,2
BRDA:3,0,1,11
BRDA:7,1,0,1
BRDA:7,1,1,10
BRDA:11,2,0,1
BRDA:11,2,1,9
BRDA:15,3,0,1
BRDA:15,3,1,8
BRDA:32,4,0,0
BRDA:32,4,1,4
BRF:10
BRH:9
end_of_record
